<?xml version="1.0" encoding="UTF-8"?>
<!-- Generated by org.testng.reporters.JUnitReportReporter -->
<testsuite hostname="DESKTOP-RD684SU" failures="0" tests="1" name="TestCases.loginpage" time="10.340" errors="0" timestamp="2024-02-14T10:02:29 IST" skipped="0">
  <testcase classname="TestCases.loginpage" name="interview" time="10.340"/>
</testsuite> <!-- TestCases.loginpage -->
